<?xml version="1.0" encoding="UTF-8"?>
<testsuite name="invadem.ProjectileTest" tests="2" skipped="0" failures="0" errors="0" timestamp="2019-11-13T05:09:58" hostname="192-168-1-5.tpgi.com.au" time="1.867">
  <properties/>
  <testcase name="testProjectileConstruction" classname="invadem.ProjectileTest" time="1.21"/>
  <testcase name="testProjectileMovement" classname="invadem.ProjectileTest" time="0.656"/>
  <system-out><![CDATA[]]></system-out>
  <system-err><![CDATA[]]></system-err>
</testsuite>
