<?xml version="1.0" encoding="UTF-8"?>
<testsuite name="invadem.InvaderTest" tests="2" skipped="0" failures="0" errors="0" timestamp="2019-11-13T05:09:57" hostname="192-168-1-5.tpgi.com.au" time="0.353">
  <properties/>
  <testcase name="testInvaderConstruction" classname="invadem.InvaderTest" time="0.119"/>
  <testcase name="testInvaderMovement" classname="invadem.InvaderTest" time="0.233"/>
  <system-out><![CDATA[]]></system-out>
  <system-err><![CDATA[]]></system-err>
</testsuite>
