<?xml version="1.0" encoding="UTF-8"?>
<testsuite name="InvaderAssignment.AppTest" tests="1" skipped="0" failures="0" errors="0" timestamp="2019-11-13T05:09:55" hostname="192-168-1-5.tpgi.com.au" time="0.003">
  <properties/>
  <testcase name="testAppHasAGreeting" classname="InvaderAssignment.AppTest" time="0.003"/>
  <system-out><![CDATA[]]></system-out>
  <system-err><![CDATA[]]></system-err>
</testsuite>
