<?xml version="1.0" encoding="UTF-8"?>
<testsuite name="invadem.BentoTest" tests="1" skipped="0" failures="0" errors="0" timestamp="2019-11-13T05:10:02" hostname="192-168-1-5.tpgi.com.au" time="2.232">
  <properties/>
  <testcase name="TestBentoConstruction" classname="invadem.BentoTest" time="2.232"/>
  <system-out><![CDATA[]]></system-out>
  <system-err><![CDATA[]]></system-err>
</testsuite>
